00:21:27.367 [DEBUG] [org.gradle.launcher.daemon.bootstrap.DaemonMain] Assuming the daemon was started with following jvm opts: [-XX:+HeapDumpOnOutOfMemoryError, -Xmx1024m, -Dfile.encoding=UTF-8, -Duser.country, -Duser.language=en, -Duser.variant]
00:21:27.607 [INFO] [org.gradle.launcher.daemon.server.Daemon] start() called on daemon - DefaultDaemonContext[uid=9367a177-e6aa-4651-97d8-336e4c2dd4a3,javaHome=/opt/jdk1.8.0_162,daemonRegistryDir=/app/cache/daemon,pid=31,idleTimeout=10800000,daemonOpts=-XX:+HeapDumpOnOutOfMemoryError,-Xmx1024m,-Dfile.encoding=UTF-8,-Duser.country,-Duser.language=en,-Duser.variant]
00:21:27.645 [DEBUG] [org.gradle.internal.remote.internal.inet.InetAddresses] Adding IP addresses for network interface eth0
00:21:27.648 [DEBUG] [org.gradle.internal.remote.internal.inet.InetAddresses] Is this a loopback interface? false
00:21:27.651 [DEBUG] [org.gradle.internal.remote.internal.inet.InetAddresses] Is this a multicast interface? true
00:21:27.654 [DEBUG] [org.gradle.internal.remote.internal.inet.InetAddresses] Adding remote address /172.20.0.5
00:21:27.658 [DEBUG] [org.gradle.internal.remote.internal.inet.InetAddresses] Adding remote multicast interface eth0
00:21:27.661 [DEBUG] [org.gradle.internal.remote.internal.inet.InetAddresses] Adding IP addresses for network interface lo
00:21:27.664 [DEBUG] [org.gradle.internal.remote.internal.inet.InetAddresses] Is this a loopback interface? true
00:21:27.667 [DEBUG] [org.gradle.internal.remote.internal.inet.InetAddresses] Is this a multicast interface? false
00:21:27.670 [DEBUG] [org.gradle.internal.remote.internal.inet.InetAddresses] Adding loopback address /127.0.0.1
00:21:27.678 [DEBUG] [org.gradle.internal.remote.internal.inet.TcpIncomingConnector] Listening on [eff00598-cc3e-4411-883e-7a2ae186709c port:36923, addresses:[/127.0.0.1]].
00:21:27.686 [DEBUG] [org.gradle.launcher.daemon.server.Daemon] Daemon starting at: Wed Mar 21 00:21:27 GMT 2018, with address: [eff00598-cc3e-4411-883e-7a2ae186709c port:36923, addresses:[/127.0.0.1]]
00:21:27.693 [INFO] [org.gradle.launcher.daemon.server.DaemonRegistryUpdater] Advertising the daemon address to the clients: [eff00598-cc3e-4411-883e-7a2ae186709c port:36923, addresses:[/127.0.0.1]]
00:21:27.697 [DEBUG] [org.gradle.launcher.daemon.server.DaemonRegistryUpdater] Advertised daemon context: DefaultDaemonContext[uid=9367a177-e6aa-4651-97d8-336e4c2dd4a3,javaHome=/opt/jdk1.8.0_162,daemonRegistryDir=/app/cache/daemon,pid=31,idleTimeout=10800000,daemonOpts=-XX:+HeapDumpOnOutOfMemoryError,-Xmx1024m,-Dfile.encoding=UTF-8,-Duser.country,-Duser.language=en,-Duser.variant]
00:21:27.701 [DEBUG] [org.gradle.launcher.daemon.registry.PersistentDaemonRegistry] Storing daemon address: [eff00598-cc3e-4411-883e-7a2ae186709c port:36923, addresses:[/127.0.0.1]], context: DefaultDaemonContext[uid=9367a177-e6aa-4651-97d8-336e4c2dd4a3,javaHome=/opt/jdk1.8.0_162,daemonRegistryDir=/app/cache/daemon,pid=31,idleTimeout=10800000,daemonOpts=-XX:+HeapDumpOnOutOfMemoryError,-Xmx1024m,-Dfile.encoding=UTF-8,-Duser.country,-Duser.language=en,-Duser.variant]
00:21:27.754 [DEBUG] [org.gradle.cache.internal.DefaultFileLockManager] Waiting to acquire exclusive lock on daemon addresses registry.
00:21:27.763 [DEBUG] [org.gradle.cache.internal.DefaultFileLockManager] Lock acquired on daemon addresses registry.
00:21:27.785 [DEBUG] [org.gradle.cache.internal.DefaultFileLockManager] Releasing lock on daemon addresses registry.
00:21:27.789 [LIFECYCLE] [org.gradle.launcher.daemon.server.Daemon] Daemon server started.
00:21:27.794 [DEBUG] [org.gradle.launcher.daemon.bootstrap.DaemonStartupCommunication] Completed writing the daemon greeting. Closing streams...
00:21:27.811 [DEBUG] [org.gradle.launcher.daemon.server.Daemon] stopOnExpiration() called on daemon
00:21:27.818 [DEBUG] [org.gradle.launcher.daemon.server.Daemon] awaitExpiration() called on daemon
00:21:27.821 [DEBUG] [org.gradle.launcher.daemon.server.DaemonStateCoordinator] daemon is running. Sleeping until state changes.
00:21:27.832 [DEBUG] [org.gradle.internal.remote.internal.inet.TcpIncomingConnector] Accepted connection from /127.0.0.1:60728 to /127.0.0.1:36923.
00:21:28.165 [DEBUG] [org.gradle.launcher.daemon.server.SynchronizedDispatchConnection] thread 15: received class org.gradle.launcher.daemon.protocol.Build
00:21:28.189 [DEBUG] [org.gradle.launcher.daemon.server.DefaultDaemonConnection] thread 15: Received non-IO message from client: Build{id=78d3cb03-37ab-429d-bd7e-c3afa3c53cc0.1, currentDir=/app}
00:21:28.192 [INFO] [org.gradle.launcher.daemon.server.DefaultIncomingConnectionHandler] Received command: Build{id=78d3cb03-37ab-429d-bd7e-c3afa3c53cc0.1, currentDir=/app}.
00:21:28.195 [DEBUG] [org.gradle.launcher.daemon.server.DefaultIncomingConnectionHandler] Starting executing command: Build{id=78d3cb03-37ab-429d-bd7e-c3afa3c53cc0.1, currentDir=/app} with connection: socket connection from /127.0.0.1:36923 to /127.0.0.1:60728.
00:21:28.201 [ERROR] [org.gradle.launcher.daemon.server.DaemonStateCoordinator] Command execution: started DaemonCommandExecution[command = Build{id=78d3cb03-37ab-429d-bd7e-c3afa3c53cc0.1, currentDir=/app}, connection = DefaultDaemonConnection: socket connection from /127.0.0.1:36923 to /127.0.0.1:60728] after 0.0 minutes of idle
00:21:28.207 [INFO] [org.gradle.launcher.daemon.server.DaemonRegistryUpdater] Marking the daemon as busy, address: [eff00598-cc3e-4411-883e-7a2ae186709c port:36923, addresses:[/127.0.0.1]]
00:21:28.210 [DEBUG] [org.gradle.launcher.daemon.registry.PersistentDaemonRegistry] Marking busy by address: [eff00598-cc3e-4411-883e-7a2ae186709c port:36923, addresses:[/127.0.0.1]]
00:21:28.217 [DEBUG] [org.gradle.cache.internal.DefaultFileLockManager] Waiting to acquire exclusive lock on daemon addresses registry.
00:21:28.226 [DEBUG] [org.gradle.cache.internal.DefaultFileLockManager] Lock acquired on daemon addresses registry.
00:21:28.242 [DEBUG] [org.gradle.cache.internal.DefaultFileLockManager] Releasing lock on daemon addresses registry.
00:21:28.247 [DEBUG] [org.gradle.launcher.daemon.server.DaemonStateCoordinator] resetting idle timer
00:21:28.251 [DEBUG] [org.gradle.launcher.daemon.server.DaemonStateCoordinator] daemon is running. Sleeping until state changes.
00:21:28.253 [INFO] [org.gradle.launcher.daemon.server.exec.StartBuildOrRespondWithBusy] Daemon is about to start building Build{id=78d3cb03-37ab-429d-bd7e-c3afa3c53cc0.1, currentDir=/app}. Dispatching build started information...
00:21:28.267 [DEBUG] [org.gradle.launcher.daemon.server.SynchronizedDispatchConnection] thread 17: dispatching class org.gradle.launcher.daemon.protocol.BuildStarted
00:21:28.289 [DEBUG] [org.gradle.launcher.daemon.server.exec.EstablishBuildEnvironment] Configuring env variables: {PATH=/usr/local/sbin:/usr/local/bin:/usr/sbin:/usr/bin:/sbin:/bin:/opt/jdk/bin, JAVA_JCE=unlimited, SPRING_PROFILES_ACTIVE=dev, JAVA_HOME=/opt/jdk, OLDPWD=/app, GLIBC_VERSION=2.27-r0, LANG=C.UTF-8, JAVA_VERSION_MAJOR=8, GRADLE_USER_HOME=cache, HOSTNAME=e5ec737f3110, GLIBC_REPO=https://github.com/sgerrand/alpine-pkg-glibc, JAVA_VERSION_MINOR=162, PWD=/app, JAVA_PACKAGE=jdk, JAVA_VERSION_BUILD=12, HOME=/root, SHLVL=1}
00:21:28.345 [DEBUG] [org.gradle.launcher.daemon.server.exec.LogToClient] About to start relaying all logs to the client via the connection.
00:21:28.348 [DEBUG] [org.gradle.launcher.daemon.server.SynchronizedDispatchConnection] thread 15: received class org.gradle.launcher.daemon.protocol.CloseInput
00:21:28.360 [DEBUG] [org.gradle.launcher.daemon.server.DefaultDaemonConnection] thread 15: Received IO message from client: org.gradle.launcher.daemon.protocol.CloseInput@7b878f34
00:21:28.360 [INFO] [org.gradle.launcher.daemon.server.exec.LogToClient] The client will now receive all logging from the daemon (pid: 31). The daemon log file: /app/cache/daemon/4.5.1/daemon-31.out.log
00:21:28.374 [INFO] [org.gradle.launcher.daemon.server.exec.LogAndCheckHealth] Starting build in new daemon [memory: 954.7 MB]
00:21:28.400 [INFO] [org.gradle.launcher.daemon.server.exec.ForwardClientInput] Closing daemon's stdin at end of input.
00:21:28.403 [INFO] [org.gradle.launcher.daemon.server.exec.ForwardClientInput] The daemon will no longer process any standard input.
00:21:28.439 [DEBUG] [org.gradle.launcher.daemon.server.exec.ExecuteBuild] The daemon has started executing the build.
00:21:28.456 [DEBUG] [org.gradle.launcher.daemon.server.exec.ExecuteBuild] Executing build with daemon context: DefaultDaemonContext[uid=9367a177-e6aa-4651-97d8-336e4c2dd4a3,javaHome=/opt/jdk1.8.0_162,daemonRegistryDir=/app/cache/daemon,pid=31,idleTimeout=10800000,daemonOpts=-XX:+HeapDumpOnOutOfMemoryError,-Xmx1024m,-Dfile.encoding=UTF-8,-Duser.country,-Duser.language=en,-Duser.variant]
:compileJava
:processResources
:classes
:bootRun
2018-03-21 00:22:11.773  INFO 76 --- [           main] s.c.a.AnnotationConfigApplicationContext : Refreshing org.springframework.context.annotation.AnnotationConfigApplicationContext@130161f7: startup date [Wed Mar 21 00:22:11 GMT 2018]; root of context hierarchy
2018-03-21 00:22:13.963  INFO 76 --- [           main] f.a.AutowiredAnnotationBeanPostProcessor : JSR-330 'javax.inject.Inject' annotation found and supported for autowiring
2018-03-21 00:22:14.435  INFO 76 --- [           main] trationDelegate$BeanPostProcessorChecker : Bean 'configurationPropertiesRebinderAutoConfiguration' of type [org.springframework.cloud.autoconfigure.ConfigurationPropertiesRebinderAutoConfiguration$$EnhancerBySpringCGLIB$$b5743aa8] is not eligible for getting processed by all BeanPostProcessors (for example: not eligible for auto-proxying)

  .   ____          _            __ _ _
 /\\ / ___'_ __ _ _(_)_ __  __ _ \ \ \ \
( ( )\___ | '_ | '_| | '_ \/ _` | \ \ \ \
 \\/  ___)| |_)| | | | | || (_| |  ) ) ) )
  '  |____| .__|_| |_|_| |_\__, | / / / /
 =========|_|==============|___/=/_/_/_/
[32m :: Spring Boot :: [39m      [2m (v1.5.8.RELEASE)[0;39m

[2m2018-03-21 00:22:16.563[0;39m [32m INFO[0;39m [35m76[0;39m [2m---[0;39m [2m[           main][0;39m [36mc.example.songsapi.SongsApiApplication  [0;39m [2m:[0;39m The following profiles are active: dev
[2m2018-03-21 00:22:16.659[0;39m [32m INFO[0;39m [35m76[0;39m [2m---[0;39m [2m[           main][0;39m [36mationConfigEmbeddedWebApplicationContext[0;39m [2m:[0;39m Refreshing org.springframework.boot.context.embedded.AnnotationConfigEmbeddedWebApplicationContext@5dcb4f5f: startup date [Wed Mar 21 00:22:16 GMT 2018]; parent: org.springframework.context.annotation.AnnotationConfigApplicationContext@130161f7
[2m2018-03-21 00:22:22.124[0;39m [32m INFO[0;39m [35m76[0;39m [2m---[0;39m [2m[           main][0;39m [36mo.s.cloud.context.scope.GenericScope    [0;39m [2m:[0;39m BeanFactory id=17fa6ba7-05d3-39bb-9a8d-549d6c2a0265
[2m2018-03-21 00:22:22.455[0;39m [32m INFO[0;39m [35m76[0;39m [2m---[0;39m [2m[           main][0;39m [36mf.a.AutowiredAnnotationBeanPostProcessor[0;39m [2m:[0;39m JSR-330 'javax.inject.Inject' annotation found and supported for autowiring
[2m2018-03-21 00:22:23.356[0;39m [32m INFO[0;39m [35m76[0;39m [2m---[0;39m [2m[           main][0;39m [36mtrationDelegate$BeanPostProcessorChecker[0;39m [2m:[0;39m Bean 'org.springframework.transaction.annotation.ProxyTransactionManagementConfiguration' of type [org.springframework.transaction.annotation.ProxyTransactionManagementConfiguration$$EnhancerBySpringCGLIB$$995a37ab] is not eligible for getting processed by all BeanPostProcessors (for example: not eligible for auto-proxying)
[2m2018-03-21 00:22:23.614[0;39m [32m INFO[0;39m [35m76[0;39m [2m---[0;39m [2m[           main][0;39m [36mtrationDelegate$BeanPostProcessorChecker[0;39m [2m:[0;39m Bean 'org.springframework.cloud.autoconfigure.ConfigurationPropertiesRebinderAutoConfiguration' of type [org.springframework.cloud.autoconfigure.ConfigurationPropertiesRebinderAutoConfiguration$$EnhancerBySpringCGLIB$$b5743aa8] is not eligible for getting processed by all BeanPostProcessors (for example: not eligible for auto-proxying)
[2m2018-03-21 00:22:25.305[0;39m [32m INFO[0;39m [35m76[0;39m [2m---[0;39m [2m[           main][0;39m [36ms.b.c.e.t.TomcatEmbeddedServletContainer[0;39m [2m:[0;39m Tomcat initialized with port(s): 8082 (http)
[2m2018-03-21 00:22:25.400[0;39m [32m INFO[0;39m [35m76[0;39m [2m---[0;39m [2m[           main][0;39m [36mo.apache.catalina.core.StandardService  [0;39m [2m:[0;39m Starting service [Tomcat]
[2m2018-03-21 00:22:25.430[0;39m [32m INFO[0;39m [35m76[0;39m [2m---[0;39m [2m[           main][0;39m [36morg.apache.catalina.core.StandardEngine [0;39m [2m:[0;39m Starting Servlet Engine: Apache Tomcat/8.5.23
[2m2018-03-21 00:22:26.849[0;39m [32m INFO[0;39m [35m76[0;39m [2m---[0;39m [2m[ost-startStop-1][0;39m [36mo.a.c.c.C.[Tomcat].[localhost].[/]      [0;39m [2m:[0;39m Initializing Spring embedded WebApplicationContext
[2m2018-03-21 00:22:26.851[0;39m [32m INFO[0;39m [35m76[0;39m [2m---[0;39m [2m[ost-startStop-1][0;39m [36mo.s.web.context.ContextLoader           [0;39m [2m:[0;39m Root WebApplicationContext: initialization completed in 10192 ms
[2m2018-03-21 00:22:28.046[0;39m [32m INFO[0;39m [35m76[0;39m [2m---[0;39m [2m[ost-startStop-1][0;39m [36mo.s.b.w.servlet.ServletRegistrationBean [0;39m [2m:[0;39m Mapping servlet: 'dispatcherServlet' to [/]
[2m2018-03-21 00:22:28.111[0;39m [32m INFO[0;39m [35m76[0;39m [2m---[0;39m [2m[ost-startStop-1][0;39m [36mo.s.b.w.servlet.FilterRegistrationBean  [0;39m [2m:[0;39m Mapping filter: 'characterEncodingFilter' to: [/*]
[2m2018-03-21 00:22:28.112[0;39m [32m INFO[0;39m [35m76[0;39m [2m---[0;39m [2m[ost-startStop-1][0;39m [36mo.s.b.w.servlet.FilterRegistrationBean  [0;39m [2m:[0;39m Mapping filter: 'hiddenHttpMethodFilter' to: [/*]
[2m2018-03-21 00:22:28.113[0;39m [32m INFO[0;39m [35m76[0;39m [2m---[0;39m [2m[ost-startStop-1][0;39m [36mo.s.b.w.servlet.FilterRegistrationBean  [0;39m [2m:[0;39m Mapping filter: 'httpPutFormContentFilter' to: [/*]
[2m2018-03-21 00:22:28.113[0;39m [32m INFO[0;39m [35m76[0;39m [2m---[0;39m [2m[ost-startStop-1][0;39m [36mo.s.b.w.servlet.FilterRegistrationBean  [0;39m [2m:[0;39m Mapping filter: 'requestContextFilter' to: [/*]
[2m2018-03-21 00:22:29.758[0;39m [32m INFO[0;39m [35m76[0;39m [2m---[0;39m [2m[           main][0;39m [36mo.f.core.internal.util.VersionPrinter   [0;39m [2m:[0;39m Flyway 3.2.1 by Boxfuse
[2m2018-03-21 00:22:30.352[0;39m [32m INFO[0;39m [35m76[0;39m [2m---[0;39m [2m[           main][0;39m [36mo.f.c.i.dbsupport.DbSupportFactory      [0;39m [2m:[0;39m Database: jdbc:postgresql://postgresdev:5432/pgdev (PostgreSQL 10.3)
[2m2018-03-21 00:22:30.623[0;39m [32m INFO[0;39m [35m76[0;39m [2m---[0;39m [2m[           main][0;39m [36mo.f.core.internal.command.DbValidate    [0;39m [2m:[0;39m Validated 4 migrations (execution time 00:00.087s)
[2m2018-03-21 00:22:30.678[0;39m [32m INFO[0;39m [35m76[0;39m [2m---[0;39m [2m[           main][0;39m [36mo.f.core.internal.command.DbMigrate     [0;39m [2m:[0;39m Current version of schema "public": 2
[2m2018-03-21 00:22:30.678[0;39m [32m INFO[0;39m [35m76[0;39m [2m---[0;39m [2m[           main][0;39m [36mo.f.core.internal.command.DbMigrate     [0;39m [2m:[0;39m Migrating schema "public" to version 3 - Create songs table
[2m2018-03-21 00:22:30.720[0;39m [32m INFO[0;39m [35m76[0;39m [2m---[0;39m [2m[           main][0;39m [36mo.f.core.internal.command.DbMigrate     [0;39m [2m:[0;39m Migrating schema "public" to version 4 - Add length and artist name colomn
[2m2018-03-21 00:22:30.748[0;39m [32m INFO[0;39m [35m76[0;39m [2m---[0;39m [2m[           main][0;39m [36mo.f.core.internal.command.DbMigrate     [0;39m [2m:[0;39m Successfully applied 2 migrations to schema "public" (execution time 00:00.083s).
[2m2018-03-21 00:22:30.753[0;39m [32m INFO[0;39m [35m76[0;39m [2m---[0;39m [2m[           main][0;39m [36mo.f.c.i.c.SqlScriptFlywayCallback       [0;39m [2m:[0;39m Executing SQL callback: afterMigrate
[2m2018-03-21 00:22:31.426[0;39m [32m INFO[0;39m [35m76[0;39m [2m---[0;39m [2m[           main][0;39m [36mj.LocalContainerEntityManagerFactoryBean[0;39m [2m:[0;39m Building JPA container EntityManagerFactory for persistence unit 'default'
[2m2018-03-21 00:22:31.490[0;39m [32m INFO[0;39m [35m76[0;39m [2m---[0;39m [2m[           main][0;39m [36mo.hibernate.jpa.internal.util.LogHelper [0;39m [2m:[0;39m HHH000204: Processing PersistenceUnitInfo [
	name: default
	...]
[2m2018-03-21 00:22:31.956[0;39m [32m INFO[0;39m [35m76[0;39m [2m---[0;39m [2m[           main][0;39m [36morg.hibernate.Version                   [0;39m [2m:[0;39m HHH000412: Hibernate Core {5.0.12.Final}
[2m2018-03-21 00:22:31.968[0;39m [32m INFO[0;39m [35m76[0;39m [2m---[0;39m [2m[           main][0;39m [36morg.hibernate.cfg.Environment           [0;39m [2m:[0;39m HHH000206: hibernate.properties not found
[2m2018-03-21 00:22:31.976[0;39m [32m INFO[0;39m [35m76[0;39m [2m---[0;39m [2m[           main][0;39m [36morg.hibernate.cfg.Environment           [0;39m [2m:[0;39m HHH000021: Bytecode provider name : javassist
[2m2018-03-21 00:22:32.497[0;39m [32m INFO[0;39m [35m76[0;39m [2m---[0;39m [2m[           main][0;39m [36mo.hibernate.annotations.common.Version  [0;39m [2m:[0;39m HCANN000001: Hibernate Commons Annotations {5.0.1.Final}
[2m2018-03-21 00:22:33.377[0;39m [32m INFO[0;39m [35m76[0;39m [2m---[0;39m [2m[           main][0;39m [36morg.hibernate.dialect.Dialect           [0;39m [2m:[0;39m HHH000400: Using dialect: org.hibernate.dialect.PostgreSQLDialect
[2m2018-03-21 00:22:33.726[0;39m [32m INFO[0;39m [35m76[0;39m [2m---[0;39m [2m[           main][0;39m [36mo.h.e.j.e.i.LobCreatorBuilderImpl       [0;39m [2m:[0;39m HHH000424: Disabling contextual LOB creation as createClob() method threw error : java.lang.reflect.InvocationTargetException
[2m2018-03-21 00:22:33.736[0;39m [32m INFO[0;39m [35m76[0;39m [2m---[0;39m [2m[           main][0;39m [36morg.hibernate.type.BasicTypeRegistry    [0;39m [2m:[0;39m HHH000270: Type registration [java.util.UUID] overrides previous : org.hibernate.type.UUIDBinaryType@30db5536
[2m2018-03-21 00:22:36.215[0;39m [32m INFO[0;39m [35m76[0;39m [2m---[0;39m [2m[           main][0;39m [36mj.LocalContainerEntityManagerFactoryBean[0;39m [2m:[0;39m Initialized JPA EntityManagerFactory for persistence unit 'default'
[2m2018-03-21 00:22:38.803[0;39m [33m WARN[0;39m [35m76[0;39m [2m---[0;39m [2m[           main][0;39m [36mc.n.c.sources.URLConfigurationSource    [0;39m [2m:[0;39m No URLs will be polled as dynamic configuration sources.
[2m2018-03-21 00:22:38.803[0;39m [32m INFO[0;39m [35m76[0;39m [2m---[0;39m [2m[           main][0;39m [36mc.n.c.sources.URLConfigurationSource    [0;39m [2m:[0;39m To enable URLs as dynamic configuration sources, define System property archaius.configurationSource.additionalUrls or make config.properties available on classpath.
[2m2018-03-21 00:22:38.875[0;39m [33m WARN[0;39m [35m76[0;39m [2m---[0;39m [2m[           main][0;39m [36mc.n.c.sources.URLConfigurationSource    [0;39m [2m:[0;39m No URLs will be polled as dynamic configuration sources.
[2m2018-03-21 00:22:38.876[0;39m [32m INFO[0;39m [35m76[0;39m [2m---[0;39m [2m[           main][0;39m [36mc.n.c.sources.URLConfigurationSource    [0;39m [2m:[0;39m To enable URLs as dynamic configuration sources, define System property archaius.configurationSource.additionalUrls or make config.properties available on classpath.
[2m2018-03-21 00:22:40.860[0;39m [32m INFO[0;39m [35m76[0;39m [2m---[0;39m [2m[           main][0;39m [36ms.w.s.m.m.a.RequestMappingHandlerAdapter[0;39m [2m:[0;39m Looking for @ControllerAdvice: org.springframework.boot.context.embedded.AnnotationConfigEmbeddedWebApplicationContext@5dcb4f5f: startup date [Wed Mar 21 00:22:16 GMT 2018]; parent: org.springframework.context.annotation.AnnotationConfigApplicationContext@130161f7
[2m2018-03-21 00:22:41.233[0;39m [32m INFO[0;39m [35m76[0;39m [2m---[0;39m [2m[           main][0;39m [36ms.w.s.m.m.a.RequestMappingHandlerMapping[0;39m [2m:[0;39m Mapped "{[/]}" onto public java.lang.String com.example.songsapi.SongsApiApplication.home()
[2m2018-03-21 00:22:41.250[0;39m [32m INFO[0;39m [35m76[0;39m [2m---[0;39m [2m[           main][0;39m [36ms.w.s.m.m.a.RequestMappingHandlerMapping[0;39m [2m:[0;39m Mapped "{[/songs],methods=[GET]}" onto public java.lang.Iterable<com.example.songsapi.models.Song> com.example.songsapi.controllers.SongsController.findAllSongs()
[2m2018-03-21 00:22:41.252[0;39m [32m INFO[0;39m [35m76[0;39m [2m---[0;39m [2m[           main][0;39m [36ms.w.s.m.m.a.RequestMappingHandlerMapping[0;39m [2m:[0;39m Mapped "{[/songs/{songId}],methods=[GET]}" onto public com.example.songsapi.models.Song com.example.songsapi.controllers.SongsController.findUserById(java.lang.Long)
[2m2018-03-21 00:22:41.253[0;39m [32m INFO[0;39m [35m76[0;39m [2m---[0;39m [2m[           main][0;39m [36ms.w.s.m.m.a.RequestMappingHandlerMapping[0;39m [2m:[0;39m Mapped "{[/songs/{songId}],methods=[DELETE]}" onto public org.springframework.http.HttpStatus com.example.songsapi.controllers.SongsController.deleteUserById(java.lang.Long)
[2m2018-03-21 00:22:41.254[0;39m [32m INFO[0;39m [35m76[0;39m [2m---[0;39m [2m[           main][0;39m [36ms.w.s.m.m.a.RequestMappingHandlerMapping[0;39m [2m:[0;39m Mapped "{[/songs],methods=[POST]}" onto public com.example.songsapi.models.Song com.example.songsapi.controllers.SongsController.createNewSong(com.example.songsapi.models.Song)
[2m2018-03-21 00:22:41.254[0;39m [32m INFO[0;39m [35m76[0;39m [2m---[0;39m [2m[           main][0;39m [36ms.w.s.m.m.a.RequestMappingHandlerMapping[0;39m [2m:[0;39m Mapped "{[/songs/{songId}],methods=[PATCH]}" onto public com.example.songsapi.models.Song com.example.songsapi.controllers.SongsController.updateUserById(java.lang.Long,com.example.songsapi.models.Song)
[2m2018-03-21 00:22:41.258[0;39m [32m INFO[0;39m [35m76[0;39m [2m---[0;39m [2m[           main][0;39m [36ms.w.s.m.m.a.RequestMappingHandlerMapping[0;39m [2m:[0;39m Mapped "{[/error],produces=[text/html]}" onto public org.springframework.web.servlet.ModelAndView org.springframework.boot.autoconfigure.web.BasicErrorController.errorHtml(javax.servlet.http.HttpServletRequest,javax.servlet.http.HttpServletResponse)
[2m2018-03-21 00:22:41.261[0;39m [32m INFO[0;39m [35m76[0;39m [2m---[0;39m [2m[           main][0;39m [36ms.w.s.m.m.a.RequestMappingHandlerMapping[0;39m [2m:[0;39m Mapped "{[/error]}" onto public org.springframework.http.ResponseEntity<java.util.Map<java.lang.String, java.lang.Object>> org.springframework.boot.autoconfigure.web.BasicErrorController.error(javax.servlet.http.HttpServletRequest)
[2m2018-03-21 00:22:41.383[0;39m [32m INFO[0;39m [35m76[0;39m [2m---[0;39m [2m[           main][0;39m [36mo.s.w.s.handler.SimpleUrlHandlerMapping [0;39m [2m:[0;39m Mapped URL path [/webjars/**] onto handler of type [class org.springframework.web.servlet.resource.ResourceHttpRequestHandler]
[2m2018-03-21 00:22:41.383[0;39m [32m INFO[0;39m [35m76[0;39m [2m---[0;39m [2m[           main][0;39m [36mo.s.w.s.handler.SimpleUrlHandlerMapping [0;39m [2m:[0;39m Mapped URL path [/**] onto handler of type [class org.springframework.web.servlet.resource.ResourceHttpRequestHandler]
[2m2018-03-21 00:22:41.543[0;39m [32m INFO[0;39m [35m76[0;39m [2m---[0;39m [2m[           main][0;39m [36mo.s.w.s.handler.SimpleUrlHandlerMapping [0;39m [2m:[0;39m Mapped URL path [/**/favicon.ico] onto handler of type [class org.springframework.web.servlet.resource.ResourceHttpRequestHandler]
[2m2018-03-21 00:22:46.257[0;39m [33m WARN[0;39m [35m76[0;39m [2m---[0;39m [2m[           main][0;39m [36marterDeprecationWarningAutoConfiguration[0;39m [2m:[0;39m spring-cloud-starter-eureka is deprecated as of Spring Cloud Netflix 1.4.0, please migrate to spring-cloud-starter-netflix-eureka
[2m2018-03-21 00:22:46.366[0;39m [32m INFO[0;39m [35m76[0;39m [2m---[0;39m [2m[           main][0;39m [36mo.s.j.e.a.AnnotationMBeanExporter       [0;39m [2m:[0;39m Registering beans for JMX exposure on startup
[2m2018-03-21 00:22:46.428[0;39m [32m INFO[0;39m [35m76[0;39m [2m---[0;39m [2m[           main][0;39m [36mo.s.j.e.a.AnnotationMBeanExporter       [0;39m [2m:[0;39m Bean with name 'environmentManager' has been autodetected for JMX exposure
[2m2018-03-21 00:22:46.431[0;39m [32m INFO[0;39m [35m76[0;39m [2m---[0;39m [2m[           main][0;39m [36mo.s.j.e.a.AnnotationMBeanExporter       [0;39m [2m:[0;39m Bean with name 'configurationPropertiesRebinder' has been autodetected for JMX exposure
[2m2018-03-21 00:22:46.432[0;39m [32m INFO[0;39m [35m76[0;39m [2m---[0;39m [2m[           main][0;39m [36mo.s.j.e.a.AnnotationMBeanExporter       [0;39m [2m:[0;39m Bean with name 'refreshScope' has been autodetected for JMX exposure
[2m2018-03-21 00:22:46.442[0;39m [32m INFO[0;39m [35m76[0;39m [2m---[0;39m [2m[           main][0;39m [36mo.s.j.e.a.AnnotationMBeanExporter       [0;39m [2m:[0;39m Located managed bean 'environmentManager': registering with JMX server as MBean [org.springframework.cloud.context.environment:name=environmentManager,type=EnvironmentManager]
[2m2018-03-21 00:22:46.515[0;39m [32m INFO[0;39m [35m76[0;39m [2m---[0;39m [2m[           main][0;39m [36mo.s.j.e.a.AnnotationMBeanExporter       [0;39m [2m:[0;39m Located managed bean 'refreshScope': registering with JMX server as MBean [org.springframework.cloud.context.scope.refresh:name=refreshScope,type=RefreshScope]
[2m2018-03-21 00:22:46.598[0;39m [32m INFO[0;39m [35m76[0;39m [2m---[0;39m [2m[           main][0;39m [36mo.s.j.e.a.AnnotationMBeanExporter       [0;39m [2m:[0;39m Located managed bean 'configurationPropertiesRebinder': registering with JMX server as MBean [org.springframework.cloud.context.properties:name=configurationPropertiesRebinder,context=5dcb4f5f,type=ConfigurationPropertiesRebinder]
[2m2018-03-21 00:22:46.937[0;39m [32m INFO[0;39m [35m76[0;39m [2m---[0;39m [2m[           main][0;39m [36mo.s.c.support.DefaultLifecycleProcessor [0;39m [2m:[0;39m Starting beans in phase 0
[2m2018-03-21 00:22:46.983[0;39m [32m INFO[0;39m [35m76[0;39m [2m---[0;39m [2m[           main][0;39m [36mo.s.c.n.eureka.InstanceInfoFactory      [0;39m [2m:[0;39m Setting initial instance status as: STARTING
[2m2018-03-21 00:22:47.276[0;39m [32m INFO[0;39m [35m76[0;39m [2m---[0;39m [2m[           main][0;39m [36mcom.netflix.discovery.DiscoveryClient   [0;39m [2m:[0;39m Initializing Eureka in region us-east-1
[2m2018-03-21 00:22:48.266[0;39m [32m INFO[0;39m [35m76[0;39m [2m---[0;39m [2m[           main][0;39m [36mc.n.d.provider.DiscoveryJerseyProvider  [0;39m [2m:[0;39m Using JSON encoding codec LegacyJacksonJson
[2m2018-03-21 00:22:48.266[0;39m [32m INFO[0;39m [35m76[0;39m [2m---[0;39m [2m[           main][0;39m [36mc.n.d.provider.DiscoveryJerseyProvider  [0;39m [2m:[0;39m Using JSON decoding codec LegacyJacksonJson
[2m2018-03-21 00:22:49.062[0;39m [32m INFO[0;39m [35m76[0;39m [2m---[0;39m [2m[           main][0;39m [36mc.n.d.provider.DiscoveryJerseyProvider  [0;39m [2m:[0;39m Using XML encoding codec XStreamXml
[2m2018-03-21 00:22:49.062[0;39m [32m INFO[0;39m [35m76[0;39m [2m---[0;39m [2m[           main][0;39m [36mc.n.d.provider.DiscoveryJerseyProvider  [0;39m [2m:[0;39m Using XML decoding codec XStreamXml
[2m2018-03-21 00:22:50.257[0;39m [32m INFO[0;39m [35m76[0;39m [2m---[0;39m [2m[           main][0;39m [36mc.n.d.s.r.aws.ConfigClusterResolver     [0;39m [2m:[0;39m Resolving eureka endpoints via configuration
[2m2018-03-21 00:22:50.380[0;39m [32m INFO[0;39m [35m76[0;39m [2m---[0;39m [2m[           main][0;39m [36mcom.netflix.discovery.DiscoveryClient   [0;39m [2m:[0;39m Disable delta property : false
[2m2018-03-21 00:22:50.381[0;39m [32m INFO[0;39m [35m76[0;39m [2m---[0;39m [2m[           main][0;39m [36mcom.netflix.discovery.DiscoveryClient   [0;39m [2m:[0;39m Single vip registry refresh property : null
[2m2018-03-21 00:22:50.381[0;39m [32m INFO[0;39m [35m76[0;39m [2m---[0;39m [2m[           main][0;39m [36mcom.netflix.discovery.DiscoveryClient   [0;39m [2m:[0;39m Force full registry fetch : false
[2m2018-03-21 00:22:50.381[0;39m [32m INFO[0;39m [35m76[0;39m [2m---[0;39m [2m[           main][0;39m [36mcom.netflix.discovery.DiscoveryClient   [0;39m [2m:[0;39m Application is null : false
[2m2018-03-21 00:22:50.381[0;39m [32m INFO[0;39m [35m76[0;39m [2m---[0;39m [2m[           main][0;39m [36mcom.netflix.discovery.DiscoveryClient   [0;39m [2m:[0;39m Registered Applications size is zero : true
[2m2018-03-21 00:22:50.381[0;39m [32m INFO[0;39m [35m76[0;39m [2m---[0;39m [2m[           main][0;39m [36mcom.netflix.discovery.DiscoveryClient   [0;39m [2m:[0;39m Application version is -1: true
[2m2018-03-21 00:22:50.381[0;39m [32m INFO[0;39m [35m76[0;39m [2m---[0;39m [2m[           main][0;39m [36mcom.netflix.discovery.DiscoveryClient   [0;39m [2m:[0;39m Getting all instance registry info from the eureka server
[2m2018-03-21 00:22:51.661[0;39m [32m INFO[0;39m [35m76[0;39m [2m---[0;39m [2m[           main][0;39m [36mcom.netflix.discovery.DiscoveryClient   [0;39m [2m:[0;39m The response status is 200
[2m2018-03-21 00:22:51.668[0;39m [32m INFO[0;39m [35m76[0;39m [2m---[0;39m [2m[           main][0;39m [36mcom.netflix.discovery.DiscoveryClient   [0;39m [2m:[0;39m Starting heartbeat executor: renew interval is: 30
[2m2018-03-21 00:22:51.688[0;39m [32m INFO[0;39m [35m76[0;39m [2m---[0;39m [2m[           main][0;39m [36mc.n.discovery.InstanceInfoReplicator    [0;39m [2m:[0;39m InstanceInfoReplicator onDemand update allowed rate per min is 4
[2m2018-03-21 00:22:51.699[0;39m [32m INFO[0;39m [35m76[0;39m [2m---[0;39m [2m[           main][0;39m [36mcom.netflix.discovery.DiscoveryClient   [0;39m [2m:[0;39m Discovery Client initialized at timestamp 1521591771698 with initial instances count: 0
[2m2018-03-21 00:22:51.730[0;39m [32m INFO[0;39m [35m76[0;39m [2m---[0;39m [2m[           main][0;39m [36mo.s.c.n.e.s.EurekaServiceRegistry       [0;39m [2m:[0;39m Registering application songs with eureka with status UP
[2m2018-03-21 00:22:51.738[0;39m [32m INFO[0;39m [35m76[0;39m [2m---[0;39m [2m[           main][0;39m [36mcom.netflix.discovery.DiscoveryClient   [0;39m [2m:[0;39m Saw local status change event StatusChangeEvent [timestamp=1521591771737, current=UP, previous=STARTING]
[2m2018-03-21 00:22:51.763[0;39m [32m INFO[0;39m [35m76[0;39m [2m---[0;39m [2m[nfoReplicator-0][0;39m [36mcom.netflix.discovery.DiscoveryClient   [0;39m [2m:[0;39m DiscoveryClient_SONGS/e5ec737f3110:songs:8082: registering service...
[2m2018-03-21 00:22:52.506[0;39m [32m INFO[0;39m [35m76[0;39m [2m---[0;39m [2m[           main][0;39m [36ms.b.c.e.t.TomcatEmbeddedServletContainer[0;39m [2m:[0;39m Tomcat started on port(s): 8082 (http)
[2m2018-03-21 00:22:52.518[0;39m [32m INFO[0;39m [35m76[0;39m [2m---[0;39m [2m[           main][0;39m [36m.s.c.n.e.s.EurekaAutoServiceRegistration[0;39m [2m:[0;39m Updating port to 8082
[2m2018-03-21 00:22:52.571[0;39m [32m INFO[0;39m [35m76[0;39m [2m---[0;39m [2m[           main][0;39m [36mc.example.songsapi.SongsApiApplication  [0;39m [2m:[0;39m Started SongsApiApplication in 43.159 seconds (JVM running for 46.648)
[2m2018-03-21 00:22:53.013[0;39m [32m INFO[0;39m [35m76[0;39m [2m---[0;39m [2m[nfoReplicator-0][0;39m [36mcom.netflix.discovery.DiscoveryClient   [0;39m [2m:[0;39m DiscoveryClient_SONGS/e5ec737f3110:songs:8082 - registration status: 204
[2m2018-03-21 00:23:21.671[0;39m [32m INFO[0;39m [35m76[0;39m [2m---[0;39m [2m[freshExecutor-0][0;39m [36mcom.netflix.discovery.DiscoveryClient   [0;39m [2m:[0;39m Disable delta property : false
[2m2018-03-21 00:23:21.671[0;39m [32m INFO[0;39m [35m76[0;39m [2m---[0;39m [2m[freshExecutor-0][0;39m [36mcom.netflix.discovery.DiscoveryClient   [0;39m [2m:[0;39m Single vip registry refresh property : null
[2m2018-03-21 00:23:21.671[0;39m [32m INFO[0;39m [35m76[0;39m [2m---[0;39m [2m[freshExecutor-0][0;39m [36mcom.netflix.discovery.DiscoveryClient   [0;39m [2m:[0;39m Force full registry fetch : false
[2m2018-03-21 00:23:21.671[0;39m [32m INFO[0;39m [35m76[0;39m [2m---[0;39m [2m[freshExecutor-0][0;39m [36mcom.netflix.discovery.DiscoveryClient   [0;39m [2m:[0;39m Application is null : false
[2m2018-03-21 00:23:21.671[0;39m [32m INFO[0;39m [35m76[0;39m [2m---[0;39m [2m[freshExecutor-0][0;39m [36mcom.netflix.discovery.DiscoveryClient   [0;39m [2m:[0;39m Registered Applications size is zero : true
[2m2018-03-21 00:23:21.671[0;39m [32m INFO[0;39m [35m76[0;39m [2m---[0;39m [2m[freshExecutor-0][0;39m [36mcom.netflix.discovery.DiscoveryClient   [0;39m [2m:[0;39m Application version is -1: false
[2m2018-03-21 00:23:21.671[0;39m [32m INFO[0;39m [35m76[0;39m [2m---[0;39m [2m[freshExecutor-0][0;39m [36mcom.netflix.discovery.DiscoveryClient   [0;39m [2m:[0;39m Getting all instance registry info from the eureka server
[2m2018-03-21 00:23:21.777[0;39m [32m INFO[0;39m [35m76[0;39m [2m---[0;39m [2m[freshExecutor-0][0;39m [36mcom.netflix.discovery.DiscoveryClient   [0;39m [2m:[0;39m The response status is 200
[2m2018-03-21 00:23:40.927[0;39m [32m INFO[0;39m [35m76[0;39m [2m---[0;39m [2m[nio-8082-exec-1][0;39m [36mo.a.c.c.C.[Tomcat].[localhost].[/]      [0;39m [2m:[0;39m Initializing Spring FrameworkServlet 'dispatcherServlet'
[2m2018-03-21 00:23:40.927[0;39m [32m INFO[0;39m [35m76[0;39m [2m---[0;39m [2m[nio-8082-exec-1][0;39m [36mo.s.web.servlet.DispatcherServlet       [0;39m [2m:[0;39m FrameworkServlet 'dispatcherServlet': initialization started
[2m2018-03-21 00:23:40.990[0;39m [32m INFO[0;39m [35m76[0;39m [2m---[0;39m [2m[nio-8082-exec-1][0;39m [36mo.s.web.servlet.DispatcherServlet       [0;39m [2m:[0;39m FrameworkServlet 'dispatcherServlet': initialization completed in 63 ms
thread 15: client disconnection detected, canceling the build