00:13:34.065 [DEBUG] [org.gradle.launcher.daemon.bootstrap.DaemonMain] Assuming the daemon was started with following jvm opts: [-XX:+HeapDumpOnOutOfMemoryError, -Xmx1024m, -Dfile.encoding=UTF-8, -Duser.country, -Duser.language=en, -Duser.variant]
00:13:34.351 [INFO] [org.gradle.launcher.daemon.server.Daemon] start() called on daemon - DefaultDaemonContext[uid=778f5b56-e39c-4ac8-8ccb-e0a8b83f4fb3,javaHome=/opt/jdk1.8.0_162,daemonRegistryDir=/app/cache/daemon,pid=33,idleTimeout=10800000,daemonOpts=-XX:+HeapDumpOnOutOfMemoryError,-Xmx1024m,-Dfile.encoding=UTF-8,-Duser.country,-Duser.language=en,-Duser.variant]
00:13:34.419 [DEBUG] [org.gradle.internal.remote.internal.inet.InetAddresses] Adding IP addresses for network interface eth0
00:13:34.429 [DEBUG] [org.gradle.internal.remote.internal.inet.InetAddresses] Is this a loopback interface? false
00:13:34.431 [DEBUG] [org.gradle.internal.remote.internal.inet.InetAddresses] Is this a multicast interface? true
00:13:34.434 [DEBUG] [org.gradle.internal.remote.internal.inet.InetAddresses] Adding remote address /172.20.0.4
00:13:34.437 [DEBUG] [org.gradle.internal.remote.internal.inet.InetAddresses] Adding remote multicast interface eth0
00:13:34.441 [DEBUG] [org.gradle.internal.remote.internal.inet.InetAddresses] Adding IP addresses for network interface lo
00:13:34.444 [DEBUG] [org.gradle.internal.remote.internal.inet.InetAddresses] Is this a loopback interface? true
00:13:34.446 [DEBUG] [org.gradle.internal.remote.internal.inet.InetAddresses] Is this a multicast interface? false
00:13:34.449 [DEBUG] [org.gradle.internal.remote.internal.inet.InetAddresses] Adding loopback address /127.0.0.1
00:13:34.454 [DEBUG] [org.gradle.internal.remote.internal.inet.TcpIncomingConnector] Listening on [1a0215f6-2f4e-40c1-9291-b934dd9a4aa1 port:35831, addresses:[/127.0.0.1]].
00:13:34.468 [DEBUG] [org.gradle.launcher.daemon.server.Daemon] Daemon starting at: Wed Mar 21 00:13:34 GMT 2018, with address: [1a0215f6-2f4e-40c1-9291-b934dd9a4aa1 port:35831, addresses:[/127.0.0.1]]
00:13:34.470 [INFO] [org.gradle.launcher.daemon.server.DaemonRegistryUpdater] Advertising the daemon address to the clients: [1a0215f6-2f4e-40c1-9291-b934dd9a4aa1 port:35831, addresses:[/127.0.0.1]]
00:13:34.473 [DEBUG] [org.gradle.launcher.daemon.server.DaemonRegistryUpdater] Advertised daemon context: DefaultDaemonContext[uid=778f5b56-e39c-4ac8-8ccb-e0a8b83f4fb3,javaHome=/opt/jdk1.8.0_162,daemonRegistryDir=/app/cache/daemon,pid=33,idleTimeout=10800000,daemonOpts=-XX:+HeapDumpOnOutOfMemoryError,-Xmx1024m,-Dfile.encoding=UTF-8,-Duser.country,-Duser.language=en,-Duser.variant]
00:13:34.477 [DEBUG] [org.gradle.launcher.daemon.registry.PersistentDaemonRegistry] Storing daemon address: [1a0215f6-2f4e-40c1-9291-b934dd9a4aa1 port:35831, addresses:[/127.0.0.1]], context: DefaultDaemonContext[uid=778f5b56-e39c-4ac8-8ccb-e0a8b83f4fb3,javaHome=/opt/jdk1.8.0_162,daemonRegistryDir=/app/cache/daemon,pid=33,idleTimeout=10800000,daemonOpts=-XX:+HeapDumpOnOutOfMemoryError,-Xmx1024m,-Dfile.encoding=UTF-8,-Duser.country,-Duser.language=en,-Duser.variant]
00:13:34.501 [DEBUG] [org.gradle.cache.internal.DefaultFileLockManager] Waiting to acquire exclusive lock on daemon addresses registry.
00:13:34.512 [DEBUG] [org.gradle.cache.internal.DefaultFileLockManager] Lock acquired on daemon addresses registry.
00:13:34.553 [DEBUG] [org.gradle.cache.internal.DefaultFileLockManager] Releasing lock on daemon addresses registry.
00:13:34.557 [LIFECYCLE] [org.gradle.launcher.daemon.server.Daemon] Daemon server started.
00:13:34.565 [DEBUG] [org.gradle.launcher.daemon.bootstrap.DaemonStartupCommunication] Completed writing the daemon greeting. Closing streams...
00:13:34.589 [DEBUG] [org.gradle.internal.remote.internal.inet.TcpIncomingConnector] Accepted connection from /127.0.0.1:46386 to /127.0.0.1:35831.
00:13:34.641 [DEBUG] [org.gradle.launcher.daemon.server.Daemon] stopOnExpiration() called on daemon
00:13:34.649 [DEBUG] [org.gradle.launcher.daemon.server.Daemon] awaitExpiration() called on daemon
00:13:34.655 [DEBUG] [org.gradle.launcher.daemon.server.DaemonStateCoordinator] daemon is running. Sleeping until state changes.
00:13:34.912 [DEBUG] [org.gradle.launcher.daemon.server.SynchronizedDispatchConnection] thread 15: received class org.gradle.launcher.daemon.protocol.Build
00:13:34.916 [DEBUG] [org.gradle.launcher.daemon.server.DefaultDaemonConnection] thread 15: Received non-IO message from client: Build{id=4f904488-f2d1-4991-ad86-4ab4b1de0452.1, currentDir=/app}
00:13:34.920 [INFO] [org.gradle.launcher.daemon.server.DefaultIncomingConnectionHandler] Received command: Build{id=4f904488-f2d1-4991-ad86-4ab4b1de0452.1, currentDir=/app}.
00:13:34.925 [DEBUG] [org.gradle.launcher.daemon.server.DefaultIncomingConnectionHandler] Starting executing command: Build{id=4f904488-f2d1-4991-ad86-4ab4b1de0452.1, currentDir=/app} with connection: socket connection from /127.0.0.1:35831 to /127.0.0.1:46386.
00:13:34.931 [ERROR] [org.gradle.launcher.daemon.server.DaemonStateCoordinator] Command execution: started DaemonCommandExecution[command = Build{id=4f904488-f2d1-4991-ad86-4ab4b1de0452.1, currentDir=/app}, connection = DefaultDaemonConnection: socket connection from /127.0.0.1:35831 to /127.0.0.1:46386] after 0.0 minutes of idle
00:13:34.934 [INFO] [org.gradle.launcher.daemon.server.DaemonRegistryUpdater] Marking the daemon as busy, address: [1a0215f6-2f4e-40c1-9291-b934dd9a4aa1 port:35831, addresses:[/127.0.0.1]]
00:13:34.938 [DEBUG] [org.gradle.launcher.daemon.registry.PersistentDaemonRegistry] Marking busy by address: [1a0215f6-2f4e-40c1-9291-b934dd9a4aa1 port:35831, addresses:[/127.0.0.1]]
00:13:34.948 [DEBUG] [org.gradle.cache.internal.DefaultFileLockManager] Waiting to acquire exclusive lock on daemon addresses registry.
00:13:34.953 [DEBUG] [org.gradle.cache.internal.DefaultFileLockManager] Lock acquired on daemon addresses registry.
00:13:34.966 [DEBUG] [org.gradle.cache.internal.DefaultFileLockManager] Releasing lock on daemon addresses registry.
00:13:34.972 [DEBUG] [org.gradle.launcher.daemon.server.DaemonStateCoordinator] resetting idle timer
00:13:34.975 [DEBUG] [org.gradle.launcher.daemon.server.DaemonStateCoordinator] daemon is running. Sleeping until state changes.
00:13:34.977 [INFO] [org.gradle.launcher.daemon.server.exec.StartBuildOrRespondWithBusy] Daemon is about to start building Build{id=4f904488-f2d1-4991-ad86-4ab4b1de0452.1, currentDir=/app}. Dispatching build started information...
00:13:34.981 [DEBUG] [org.gradle.launcher.daemon.server.SynchronizedDispatchConnection] thread 17: dispatching class org.gradle.launcher.daemon.protocol.BuildStarted
00:13:35.014 [DEBUG] [org.gradle.launcher.daemon.server.exec.EstablishBuildEnvironment] Configuring env variables: {PATH=/usr/local/sbin:/usr/local/bin:/usr/sbin:/usr/bin:/sbin:/bin:/opt/jdk/bin, JAVA_JCE=unlimited, SPRING_PROFILES_ACTIVE=dev, JAVA_HOME=/opt/jdk, OLDPWD=/app, GLIBC_VERSION=2.27-r0, LANG=C.UTF-8, JAVA_VERSION_MAJOR=8, GRADLE_USER_HOME=cache, HOSTNAME=8256b2943880, GLIBC_REPO=https://github.com/sgerrand/alpine-pkg-glibc, JAVA_VERSION_MINOR=162, PWD=/app, JAVA_PACKAGE=jdk, JAVA_VERSION_BUILD=12, HOME=/root, SHLVL=1}
00:13:35.052 [DEBUG] [org.gradle.launcher.daemon.server.SynchronizedDispatchConnection] thread 15: received class org.gradle.launcher.daemon.protocol.CloseInput
00:13:35.055 [DEBUG] [org.gradle.launcher.daemon.server.DefaultDaemonConnection] thread 15: Received IO message from client: org.gradle.launcher.daemon.protocol.CloseInput@43c0b734
00:13:35.056 [DEBUG] [org.gradle.launcher.daemon.server.exec.LogToClient] About to start relaying all logs to the client via the connection.
00:13:35.062 [INFO] [org.gradle.launcher.daemon.server.exec.LogToClient] The client will now receive all logging from the daemon (pid: 33). The daemon log file: /app/cache/daemon/4.5.1/daemon-33.out.log
00:13:35.067 [INFO] [org.gradle.launcher.daemon.server.exec.LogAndCheckHealth] Starting build in new daemon [memory: 954.7 MB]
00:13:35.073 [INFO] [org.gradle.launcher.daemon.server.exec.ForwardClientInput] Closing daemon's stdin at end of input.
00:13:35.088 [INFO] [org.gradle.launcher.daemon.server.exec.ForwardClientInput] The daemon will no longer process any standard input.
00:13:35.084 [DEBUG] [org.gradle.launcher.daemon.server.exec.ExecuteBuild] The daemon has started executing the build.
00:13:35.101 [DEBUG] [org.gradle.launcher.daemon.server.exec.ExecuteBuild] Executing build with daemon context: DefaultDaemonContext[uid=778f5b56-e39c-4ac8-8ccb-e0a8b83f4fb3,javaHome=/opt/jdk1.8.0_162,daemonRegistryDir=/app/cache/daemon,pid=33,idleTimeout=10800000,daemonOpts=-XX:+HeapDumpOnOutOfMemoryError,-Xmx1024m,-Dfile.encoding=UTF-8,-Duser.country,-Duser.language=en,-Duser.variant]
:compileJava
:processResources UP-TO-DATE
:classes
:bootRun
2018-03-21 00:14:16.407  INFO 78 --- [           main] s.c.a.AnnotationConfigApplicationContext : Refreshing org.springframework.context.annotation.AnnotationConfigApplicationContext@130161f7: startup date [Wed Mar 21 00:14:16 GMT 2018]; root of context hierarchy
2018-03-21 00:14:17.880  INFO 78 --- [           main] f.a.AutowiredAnnotationBeanPostProcessor : JSR-330 'javax.inject.Inject' annotation found and supported for autowiring
2018-03-21 00:14:18.627  INFO 78 --- [           main] trationDelegate$BeanPostProcessorChecker : Bean 'configurationPropertiesRebinderAutoConfiguration' of type [org.springframework.cloud.autoconfigure.ConfigurationPropertiesRebinderAutoConfiguration$$EnhancerBySpringCGLIB$$b5743aa8] is not eligible for getting processed by all BeanPostProcessors (for example: not eligible for auto-proxying)

  .   ____          _            __ _ _
 /\\ / ___'_ __ _ _(_)_ __  __ _ \ \ \ \
( ( )\___ | '_ | '_| | '_ \/ _` | \ \ \ \
 \\/  ___)| |_)| | | | | || (_| |  ) ) ) )
  '  |____| .__|_| |_|_| |_\__, | / / / /
 =========|_|==============|___/=/_/_/_/
[32m :: Spring Boot :: [39m      [2m (v1.5.8.RELEASE)[0;39m

[2m2018-03-21 00:14:20.714[0;39m [32m INFO[0;39m [35m78[0;39m [2m---[0;39m [2m[           main][0;39m [36mc.example.usersapi.UsersApiApplication  [0;39m [2m:[0;39m The following profiles are active: dev
[2m2018-03-21 00:14:20.810[0;39m [32m INFO[0;39m [35m78[0;39m [2m---[0;39m [2m[           main][0;39m [36mationConfigEmbeddedWebApplicationContext[0;39m [2m:[0;39m Refreshing org.springframework.boot.context.embedded.AnnotationConfigEmbeddedWebApplicationContext@16ce702d: startup date [Wed Mar 21 00:14:20 GMT 2018]; parent: org.springframework.context.annotation.AnnotationConfigApplicationContext@130161f7
[2m2018-03-21 00:14:25.406[0;39m [32m INFO[0;39m [35m78[0;39m [2m---[0;39m [2m[           main][0;39m [36mo.s.cloud.context.scope.GenericScope    [0;39m [2m:[0;39m BeanFactory id=f38d7251-0e40-3109-a78f-c2e810bb51fe
[2m2018-03-21 00:14:25.568[0;39m [32m INFO[0;39m [35m78[0;39m [2m---[0;39m [2m[           main][0;39m [36mf.a.AutowiredAnnotationBeanPostProcessor[0;39m [2m:[0;39m JSR-330 'javax.inject.Inject' annotation found and supported for autowiring
[2m2018-03-21 00:14:26.649[0;39m [32m INFO[0;39m [35m78[0;39m [2m---[0;39m [2m[           main][0;39m [36mtrationDelegate$BeanPostProcessorChecker[0;39m [2m:[0;39m Bean 'org.springframework.transaction.annotation.ProxyTransactionManagementConfiguration' of type [org.springframework.transaction.annotation.ProxyTransactionManagementConfiguration$$EnhancerBySpringCGLIB$$995a37ab] is not eligible for getting processed by all BeanPostProcessors (for example: not eligible for auto-proxying)
[2m2018-03-21 00:14:26.908[0;39m [32m INFO[0;39m [35m78[0;39m [2m---[0;39m [2m[           main][0;39m [36mtrationDelegate$BeanPostProcessorChecker[0;39m [2m:[0;39m Bean 'org.springframework.cloud.autoconfigure.ConfigurationPropertiesRebinderAutoConfiguration' of type [org.springframework.cloud.autoconfigure.ConfigurationPropertiesRebinderAutoConfiguration$$EnhancerBySpringCGLIB$$b5743aa8] is not eligible for getting processed by all BeanPostProcessors (for example: not eligible for auto-proxying)
[2m2018-03-21 00:14:28.920[0;39m [32m INFO[0;39m [35m78[0;39m [2m---[0;39m [2m[           main][0;39m [36ms.b.c.e.t.TomcatEmbeddedServletContainer[0;39m [2m:[0;39m Tomcat initialized with port(s): 8081 (http)
[2m2018-03-21 00:14:28.979[0;39m [32m INFO[0;39m [35m78[0;39m [2m---[0;39m [2m[           main][0;39m [36mo.apache.catalina.core.StandardService  [0;39m [2m:[0;39m Starting service [Tomcat]
[2m2018-03-21 00:14:28.984[0;39m [32m INFO[0;39m [35m78[0;39m [2m---[0;39m [2m[           main][0;39m [36morg.apache.catalina.core.StandardEngine [0;39m [2m:[0;39m Starting Servlet Engine: Apache Tomcat/8.5.23
[2m2018-03-21 00:14:30.879[0;39m [32m INFO[0;39m [35m78[0;39m [2m---[0;39m [2m[ost-startStop-1][0;39m [36mo.a.c.c.C.[Tomcat].[localhost].[/]      [0;39m [2m:[0;39m Initializing Spring embedded WebApplicationContext
[2m2018-03-21 00:14:30.880[0;39m [32m INFO[0;39m [35m78[0;39m [2m---[0;39m [2m[ost-startStop-1][0;39m [36mo.s.web.context.ContextLoader           [0;39m [2m:[0;39m Root WebApplicationContext: initialization completed in 10070 ms
[2m2018-03-21 00:14:32.159[0;39m [32m INFO[0;39m [35m78[0;39m [2m---[0;39m [2m[ost-startStop-1][0;39m [36mo.s.b.w.servlet.ServletRegistrationBean [0;39m [2m:[0;39m Mapping servlet: 'dispatcherServlet' to [/]
[2m2018-03-21 00:14:32.206[0;39m [32m INFO[0;39m [35m78[0;39m [2m---[0;39m [2m[ost-startStop-1][0;39m [36mo.s.b.w.servlet.FilterRegistrationBean  [0;39m [2m:[0;39m Mapping filter: 'characterEncodingFilter' to: [/*]
[2m2018-03-21 00:14:32.207[0;39m [32m INFO[0;39m [35m78[0;39m [2m---[0;39m [2m[ost-startStop-1][0;39m [36mo.s.b.w.servlet.FilterRegistrationBean  [0;39m [2m:[0;39m Mapping filter: 'hiddenHttpMethodFilter' to: [/*]
[2m2018-03-21 00:14:32.207[0;39m [32m INFO[0;39m [35m78[0;39m [2m---[0;39m [2m[ost-startStop-1][0;39m [36mo.s.b.w.servlet.FilterRegistrationBean  [0;39m [2m:[0;39m Mapping filter: 'httpPutFormContentFilter' to: [/*]
[2m2018-03-21 00:14:32.207[0;39m [32m INFO[0;39m [35m78[0;39m [2m---[0;39m [2m[ost-startStop-1][0;39m [36mo.s.b.w.servlet.FilterRegistrationBean  [0;39m [2m:[0;39m Mapping filter: 'requestContextFilter' to: [/*]
[2m2018-03-21 00:14:33.447[0;39m [32m INFO[0;39m [35m78[0;39m [2m---[0;39m [2m[           main][0;39m [36mo.f.core.internal.util.VersionPrinter   [0;39m [2m:[0;39m Flyway 3.2.1 by Boxfuse
[2m2018-03-21 00:14:33.996[0;39m [32m INFO[0;39m [35m78[0;39m [2m---[0;39m [2m[           main][0;39m [36mo.f.c.i.dbsupport.DbSupportFactory      [0;39m [2m:[0;39m Database: jdbc:postgresql://postgresdev:5432/pgdev (PostgreSQL 10.3)
[2m2018-03-21 00:14:34.248[0;39m [32m INFO[0;39m [35m78[0;39m [2m---[0;39m [2m[           main][0;39m [36mo.f.core.internal.command.DbValidate    [0;39m [2m:[0;39m Validated 2 migrations (execution time 00:00.071s)
[2m2018-03-21 00:14:34.283[0;39m [32m INFO[0;39m [35m78[0;39m [2m---[0;39m [2m[           main][0;39m [36mo.f.c.i.metadatatable.MetaDataTableImpl [0;39m [2m:[0;39m Creating Metadata table: "public"."schema_version"
[2m2018-03-21 00:14:34.362[0;39m [32m INFO[0;39m [35m78[0;39m [2m---[0;39m [2m[           main][0;39m [36mo.f.core.internal.command.DbMigrate     [0;39m [2m:[0;39m Current version of schema "public": << Empty Schema >>
[2m2018-03-21 00:14:34.363[0;39m [32m INFO[0;39m [35m78[0;39m [2m---[0;39m [2m[           main][0;39m [36mo.f.core.internal.command.DbMigrate     [0;39m [2m:[0;39m Migrating schema "public" to version 1 - Create users table
[2m2018-03-21 00:14:34.440[0;39m [32m INFO[0;39m [35m78[0;39m [2m---[0;39m [2m[           main][0;39m [36mo.f.core.internal.command.DbMigrate     [0;39m [2m:[0;39m Migrating schema "public" to version 2 - Add first and last name column
[2m2018-03-21 00:14:34.480[0;39m [32m INFO[0;39m [35m78[0;39m [2m---[0;39m [2m[           main][0;39m [36mo.f.core.internal.command.DbMigrate     [0;39m [2m:[0;39m Successfully applied 2 migrations to schema "public" (execution time 00:00.201s).
[2m2018-03-21 00:14:34.488[0;39m [32m INFO[0;39m [35m78[0;39m [2m---[0;39m [2m[           main][0;39m [36mo.f.c.i.c.SqlScriptFlywayCallback       [0;39m [2m:[0;39m Executing SQL callback: afterMigrate
[2m2018-03-21 00:14:35.307[0;39m [32m INFO[0;39m [35m78[0;39m [2m---[0;39m [2m[           main][0;39m [36mj.LocalContainerEntityManagerFactoryBean[0;39m [2m:[0;39m Building JPA container EntityManagerFactory for persistence unit 'default'
[2m2018-03-21 00:14:35.375[0;39m [32m INFO[0;39m [35m78[0;39m [2m---[0;39m [2m[           main][0;39m [36mo.hibernate.jpa.internal.util.LogHelper [0;39m [2m:[0;39m HHH000204: Processing PersistenceUnitInfo [
	name: default
	...]
[2m2018-03-21 00:14:36.162[0;39m [32m INFO[0;39m [35m78[0;39m [2m---[0;39m [2m[           main][0;39m [36morg.hibernate.Version                   [0;39m [2m:[0;39m HHH000412: Hibernate Core {5.0.12.Final}
[2m2018-03-21 00:14:36.177[0;39m [32m INFO[0;39m [35m78[0;39m [2m---[0;39m [2m[           main][0;39m [36morg.hibernate.cfg.Environment           [0;39m [2m:[0;39m HHH000206: hibernate.properties not found
[2m2018-03-21 00:14:36.194[0;39m [32m INFO[0;39m [35m78[0;39m [2m---[0;39m [2m[           main][0;39m [36morg.hibernate.cfg.Environment           [0;39m [2m:[0;39m HHH000021: Bytecode provider name : javassist
[2m2018-03-21 00:14:36.630[0;39m [32m INFO[0;39m [35m78[0;39m [2m---[0;39m [2m[           main][0;39m [36mo.hibernate.annotations.common.Version  [0;39m [2m:[0;39m HCANN000001: Hibernate Commons Annotations {5.0.1.Final}
[2m2018-03-21 00:14:38.275[0;39m [32m INFO[0;39m [35m78[0;39m [2m---[0;39m [2m[           main][0;39m [36morg.hibernate.dialect.Dialect           [0;39m [2m:[0;39m HHH000400: Using dialect: org.hibernate.dialect.PostgreSQLDialect
[2m2018-03-21 00:14:38.665[0;39m [32m INFO[0;39m [35m78[0;39m [2m---[0;39m [2m[           main][0;39m [36mo.h.e.j.e.i.LobCreatorBuilderImpl       [0;39m [2m:[0;39m HHH000424: Disabling contextual LOB creation as createClob() method threw error : java.lang.reflect.InvocationTargetException
[2m2018-03-21 00:14:38.669[0;39m [32m INFO[0;39m [35m78[0;39m [2m---[0;39m [2m[           main][0;39m [36morg.hibernate.type.BasicTypeRegistry    [0;39m [2m:[0;39m HHH000270: Type registration [java.util.UUID] overrides previous : org.hibernate.type.UUIDBinaryType@56846330
[2m2018-03-21 00:14:41.141[0;39m [32m INFO[0;39m [35m78[0;39m [2m---[0;39m [2m[           main][0;39m [36mj.LocalContainerEntityManagerFactoryBean[0;39m [2m:[0;39m Initialized JPA EntityManagerFactory for persistence unit 'default'
[2m2018-03-21 00:14:42.889[0;39m [33m WARN[0;39m [35m78[0;39m [2m---[0;39m [2m[           main][0;39m [36mc.n.c.sources.URLConfigurationSource    [0;39m [2m:[0;39m No URLs will be polled as dynamic configuration sources.
[2m2018-03-21 00:14:42.889[0;39m [32m INFO[0;39m [35m78[0;39m [2m---[0;39m [2m[           main][0;39m [36mc.n.c.sources.URLConfigurationSource    [0;39m [2m:[0;39m To enable URLs as dynamic configuration sources, define System property archaius.configurationSource.additionalUrls or make config.properties available on classpath.
[2m2018-03-21 00:14:42.914[0;39m [33m WARN[0;39m [35m78[0;39m [2m---[0;39m [2m[           main][0;39m [36mc.n.c.sources.URLConfigurationSource    [0;39m [2m:[0;39m No URLs will be polled as dynamic configuration sources.
[2m2018-03-21 00:14:42.915[0;39m [32m INFO[0;39m [35m78[0;39m [2m---[0;39m [2m[           main][0;39m [36mc.n.c.sources.URLConfigurationSource    [0;39m [2m:[0;39m To enable URLs as dynamic configuration sources, define System property archaius.configurationSource.additionalUrls or make config.properties available on classpath.
[2m2018-03-21 00:14:44.464[0;39m [32m INFO[0;39m [35m78[0;39m [2m---[0;39m [2m[           main][0;39m [36ms.w.s.m.m.a.RequestMappingHandlerAdapter[0;39m [2m:[0;39m Looking for @ControllerAdvice: org.springframework.boot.context.embedded.AnnotationConfigEmbeddedWebApplicationContext@16ce702d: startup date [Wed Mar 21 00:14:20 GMT 2018]; parent: org.springframework.context.annotation.AnnotationConfigApplicationContext@130161f7
[2m2018-03-21 00:14:45.125[0;39m [32m INFO[0;39m [35m78[0;39m [2m---[0;39m [2m[           main][0;39m [36ms.w.s.m.m.a.RequestMappingHandlerMapping[0;39m [2m:[0;39m Mapped "{[/]}" onto public java.lang.String com.example.usersapi.UsersApiApplication.home()
[2m2018-03-21 00:14:45.154[0;39m [32m INFO[0;39m [35m78[0;39m [2m---[0;39m [2m[           main][0;39m [36ms.w.s.m.m.a.RequestMappingHandlerMapping[0;39m [2m:[0;39m Mapped "{[/users],methods=[GET]}" onto public java.lang.Iterable<com.example.usersapi.models.User> com.example.usersapi.controllers.UsersController.findAllUsers()
[2m2018-03-21 00:14:45.160[0;39m [32m INFO[0;39m [35m78[0;39m [2m---[0;39m [2m[           main][0;39m [36ms.w.s.m.m.a.RequestMappingHandlerMapping[0;39m [2m:[0;39m Mapped "{[/users/{userId}],methods=[DELETE]}" onto public org.springframework.http.HttpStatus com.example.usersapi.controllers.UsersController.deleteUserById(java.lang.Long)
[2m2018-03-21 00:14:45.161[0;39m [32m INFO[0;39m [35m78[0;39m [2m---[0;39m [2m[           main][0;39m [36ms.w.s.m.m.a.RequestMappingHandlerMapping[0;39m [2m:[0;39m Mapped "{[/users],methods=[POST]}" onto public com.example.usersapi.models.User com.example.usersapi.controllers.UsersController.createNewUser(com.example.usersapi.models.User)
[2m2018-03-21 00:14:45.162[0;39m [32m INFO[0;39m [35m78[0;39m [2m---[0;39m [2m[           main][0;39m [36ms.w.s.m.m.a.RequestMappingHandlerMapping[0;39m [2m:[0;39m Mapped "{[/users/{userId}],methods=[PUT]}" onto public com.example.usersapi.models.User com.example.usersapi.controllers.UsersController.updateUserById(java.lang.Long,com.example.usersapi.models.User)
[2m2018-03-21 00:14:45.163[0;39m [32m INFO[0;39m [35m78[0;39m [2m---[0;39m [2m[           main][0;39m [36ms.w.s.m.m.a.RequestMappingHandlerMapping[0;39m [2m:[0;39m Mapped "{[/users/{userId}],methods=[GET]}" onto public com.example.usersapi.models.User com.example.usersapi.controllers.UsersController.findUserById(java.lang.Long)
[2m2018-03-21 00:14:45.171[0;39m [32m INFO[0;39m [35m78[0;39m [2m---[0;39m [2m[           main][0;39m [36ms.w.s.m.m.a.RequestMappingHandlerMapping[0;39m [2m:[0;39m Mapped "{[/error],produces=[text/html]}" onto public org.springframework.web.servlet.ModelAndView org.springframework.boot.autoconfigure.web.BasicErrorController.errorHtml(javax.servlet.http.HttpServletRequest,javax.servlet.http.HttpServletResponse)
[2m2018-03-21 00:14:45.171[0;39m [32m INFO[0;39m [35m78[0;39m [2m---[0;39m [2m[           main][0;39m [36ms.w.s.m.m.a.RequestMappingHandlerMapping[0;39m [2m:[0;39m Mapped "{[/error]}" onto public org.springframework.http.ResponseEntity<java.util.Map<java.lang.String, java.lang.Object>> org.springframework.boot.autoconfigure.web.BasicErrorController.error(javax.servlet.http.HttpServletRequest)
[2m2018-03-21 00:14:45.338[0;39m [32m INFO[0;39m [35m78[0;39m [2m---[0;39m [2m[           main][0;39m [36mo.s.w.s.handler.SimpleUrlHandlerMapping [0;39m [2m:[0;39m Mapped URL path [/webjars/**] onto handler of type [class org.springframework.web.servlet.resource.ResourceHttpRequestHandler]
[2m2018-03-21 00:14:45.338[0;39m [32m INFO[0;39m [35m78[0;39m [2m---[0;39m [2m[           main][0;39m [36mo.s.w.s.handler.SimpleUrlHandlerMapping [0;39m [2m:[0;39m Mapped URL path [/**] onto handler of type [class org.springframework.web.servlet.resource.ResourceHttpRequestHandler]
[2m2018-03-21 00:14:45.538[0;39m [32m INFO[0;39m [35m78[0;39m [2m---[0;39m [2m[           main][0;39m [36mo.s.w.s.handler.SimpleUrlHandlerMapping [0;39m [2m:[0;39m Mapped URL path [/**/favicon.ico] onto handler of type [class org.springframework.web.servlet.resource.ResourceHttpRequestHandler]
[2m2018-03-21 00:14:49.491[0;39m [33m WARN[0;39m [35m78[0;39m [2m---[0;39m [2m[           main][0;39m [36marterDeprecationWarningAutoConfiguration[0;39m [2m:[0;39m spring-cloud-starter-eureka is deprecated as of Spring Cloud Netflix 1.4.0, please migrate to spring-cloud-starter-netflix-eureka
[2m2018-03-21 00:14:49.616[0;39m [32m INFO[0;39m [35m78[0;39m [2m---[0;39m [2m[           main][0;39m [36mo.s.j.e.a.AnnotationMBeanExporter       [0;39m [2m:[0;39m Registering beans for JMX exposure on startup
[2m2018-03-21 00:14:49.691[0;39m [32m INFO[0;39m [35m78[0;39m [2m---[0;39m [2m[           main][0;39m [36mo.s.j.e.a.AnnotationMBeanExporter       [0;39m [2m:[0;39m Bean with name 'environmentManager' has been autodetected for JMX exposure
[2m2018-03-21 00:14:49.692[0;39m [32m INFO[0;39m [35m78[0;39m [2m---[0;39m [2m[           main][0;39m [36mo.s.j.e.a.AnnotationMBeanExporter       [0;39m [2m:[0;39m Bean with name 'configurationPropertiesRebinder' has been autodetected for JMX exposure
[2m2018-03-21 00:14:49.699[0;39m [32m INFO[0;39m [35m78[0;39m [2m---[0;39m [2m[           main][0;39m [36mo.s.j.e.a.AnnotationMBeanExporter       [0;39m [2m:[0;39m Bean with name 'refreshScope' has been autodetected for JMX exposure
[2m2018-03-21 00:14:49.714[0;39m [32m INFO[0;39m [35m78[0;39m [2m---[0;39m [2m[           main][0;39m [36mo.s.j.e.a.AnnotationMBeanExporter       [0;39m [2m:[0;39m Located managed bean 'environmentManager': registering with JMX server as MBean [org.springframework.cloud.context.environment:name=environmentManager,type=EnvironmentManager]
[2m2018-03-21 00:14:49.802[0;39m [32m INFO[0;39m [35m78[0;39m [2m---[0;39m [2m[           main][0;39m [36mo.s.j.e.a.AnnotationMBeanExporter       [0;39m [2m:[0;39m Located managed bean 'refreshScope': registering with JMX server as MBean [org.springframework.cloud.context.scope.refresh:name=refreshScope,type=RefreshScope]
[2m2018-03-21 00:14:49.898[0;39m [32m INFO[0;39m [35m78[0;39m [2m---[0;39m [2m[           main][0;39m [36mo.s.j.e.a.AnnotationMBeanExporter       [0;39m [2m:[0;39m Located managed bean 'configurationPropertiesRebinder': registering with JMX server as MBean [org.springframework.cloud.context.properties:name=configurationPropertiesRebinder,context=16ce702d,type=ConfigurationPropertiesRebinder]
[2m2018-03-21 00:14:50.645[0;39m [32m INFO[0;39m [35m78[0;39m [2m---[0;39m [2m[           main][0;39m [36mo.s.c.support.DefaultLifecycleProcessor [0;39m [2m:[0;39m Starting beans in phase 0
[2m2018-03-21 00:14:50.685[0;39m [32m INFO[0;39m [35m78[0;39m [2m---[0;39m [2m[           main][0;39m [36mo.s.c.n.eureka.InstanceInfoFactory      [0;39m [2m:[0;39m Setting initial instance status as: STARTING
[2m2018-03-21 00:14:50.989[0;39m [32m INFO[0;39m [35m78[0;39m [2m---[0;39m [2m[           main][0;39m [36mcom.netflix.discovery.DiscoveryClient   [0;39m [2m:[0;39m Initializing Eureka in region us-east-1
[2m2018-03-21 00:14:51.874[0;39m [32m INFO[0;39m [35m78[0;39m [2m---[0;39m [2m[           main][0;39m [36mc.n.d.provider.DiscoveryJerseyProvider  [0;39m [2m:[0;39m Using JSON encoding codec LegacyJacksonJson
[2m2018-03-21 00:14:51.874[0;39m [32m INFO[0;39m [35m78[0;39m [2m---[0;39m [2m[           main][0;39m [36mc.n.d.provider.DiscoveryJerseyProvider  [0;39m [2m:[0;39m Using JSON decoding codec LegacyJacksonJson
[2m2018-03-21 00:14:52.277[0;39m [32m INFO[0;39m [35m78[0;39m [2m---[0;39m [2m[           main][0;39m [36mc.n.d.provider.DiscoveryJerseyProvider  [0;39m [2m:[0;39m Using XML encoding codec XStreamXml
[2m2018-03-21 00:14:52.277[0;39m [32m INFO[0;39m [35m78[0;39m [2m---[0;39m [2m[           main][0;39m [36mc.n.d.provider.DiscoveryJerseyProvider  [0;39m [2m:[0;39m Using XML decoding codec XStreamXml
[2m2018-03-21 00:14:52.929[0;39m [32m INFO[0;39m [35m78[0;39m [2m---[0;39m [2m[           main][0;39m [36mc.n.d.s.r.aws.ConfigClusterResolver     [0;39m [2m:[0;39m Resolving eureka endpoints via configuration
[2m2018-03-21 00:14:53.035[0;39m [32m INFO[0;39m [35m78[0;39m [2m---[0;39m [2m[           main][0;39m [36mcom.netflix.discovery.DiscoveryClient   [0;39m [2m:[0;39m Disable delta property : false
[2m2018-03-21 00:14:53.035[0;39m [32m INFO[0;39m [35m78[0;39m [2m---[0;39m [2m[           main][0;39m [36mcom.netflix.discovery.DiscoveryClient   [0;39m [2m:[0;39m Single vip registry refresh property : null
[2m2018-03-21 00:14:53.037[0;39m [32m INFO[0;39m [35m78[0;39m [2m---[0;39m [2m[           main][0;39m [36mcom.netflix.discovery.DiscoveryClient   [0;39m [2m:[0;39m Force full registry fetch : false
[2m2018-03-21 00:14:53.049[0;39m [32m INFO[0;39m [35m78[0;39m [2m---[0;39m [2m[           main][0;39m [36mcom.netflix.discovery.DiscoveryClient   [0;39m [2m:[0;39m Application is null : false
[2m2018-03-21 00:14:53.049[0;39m [32m INFO[0;39m [35m78[0;39m [2m---[0;39m [2m[           main][0;39m [36mcom.netflix.discovery.DiscoveryClient   [0;39m [2m:[0;39m Registered Applications size is zero : true
[2m2018-03-21 00:14:53.049[0;39m [32m INFO[0;39m [35m78[0;39m [2m---[0;39m [2m[           main][0;39m [36mcom.netflix.discovery.DiscoveryClient   [0;39m [2m:[0;39m Application version is -1: true
[2m2018-03-21 00:14:53.049[0;39m [32m INFO[0;39m [35m78[0;39m [2m---[0;39m [2m[           main][0;39m [36mcom.netflix.discovery.DiscoveryClient   [0;39m [2m:[0;39m Getting all instance registry info from the eureka server
[2m2018-03-21 00:14:54.176[0;39m [32m INFO[0;39m [35m78[0;39m [2m---[0;39m [2m[           main][0;39m [36mcom.netflix.discovery.DiscoveryClient   [0;39m [2m:[0;39m The response status is 200
[2m2018-03-21 00:14:54.179[0;39m [32m INFO[0;39m [35m78[0;39m [2m---[0;39m [2m[           main][0;39m [36mcom.netflix.discovery.DiscoveryClient   [0;39m [2m:[0;39m Starting heartbeat executor: renew interval is: 30
[2m2018-03-21 00:14:54.184[0;39m [32m INFO[0;39m [35m78[0;39m [2m---[0;39m [2m[           main][0;39m [36mc.n.discovery.InstanceInfoReplicator    [0;39m [2m:[0;39m InstanceInfoReplicator onDemand update allowed rate per min is 4
[2m2018-03-21 00:14:54.218[0;39m [32m INFO[0;39m [35m78[0;39m [2m---[0;39m [2m[           main][0;39m [36mcom.netflix.discovery.DiscoveryClient   [0;39m [2m:[0;39m Discovery Client initialized at timestamp 1521591294218 with initial instances count: 0
[2m2018-03-21 00:14:54.260[0;39m [32m INFO[0;39m [35m78[0;39m [2m---[0;39m [2m[           main][0;39m [36mo.s.c.n.e.s.EurekaServiceRegistry       [0;39m [2m:[0;39m Registering application users with eureka with status UP
[2m2018-03-21 00:14:54.265[0;39m [32m INFO[0;39m [35m78[0;39m [2m---[0;39m [2m[           main][0;39m [36mcom.netflix.discovery.DiscoveryClient   [0;39m [2m:[0;39m Saw local status change event StatusChangeEvent [timestamp=1521591294265, current=UP, previous=STARTING]
[2m2018-03-21 00:14:54.273[0;39m [32m INFO[0;39m [35m78[0;39m [2m---[0;39m [2m[nfoReplicator-0][0;39m [36mcom.netflix.discovery.DiscoveryClient   [0;39m [2m:[0;39m DiscoveryClient_USERS/8256b2943880:users:8081: registering service...
[2m2018-03-21 00:14:54.525[0;39m [32m INFO[0;39m [35m78[0;39m [2m---[0;39m [2m[           main][0;39m [36ms.b.c.e.t.TomcatEmbeddedServletContainer[0;39m [2m:[0;39m Tomcat started on port(s): 8081 (http)
[2m2018-03-21 00:14:54.536[0;39m [32m INFO[0;39m [35m78[0;39m [2m---[0;39m [2m[           main][0;39m [36m.s.c.n.e.s.EurekaAutoServiceRegistration[0;39m [2m:[0;39m Updating port to 8081
[2m2018-03-21 00:14:54.556[0;39m [32m INFO[0;39m [35m78[0;39m [2m---[0;39m [2m[           main][0;39m [36mc.example.usersapi.UsersApiApplication  [0;39m [2m:[0;39m Started UsersApiApplication in 40.398 seconds (JVM running for 43.85)
[2m2018-03-21 00:14:54.907[0;39m [32m INFO[0;39m [35m78[0;39m [2m---[0;39m [2m[nfoReplicator-0][0;39m [36mcom.netflix.discovery.DiscoveryClient   [0;39m [2m:[0;39m DiscoveryClient_USERS/8256b2943880:users:8081 - registration status: 204
[2m2018-03-21 00:15:24.182[0;39m [32m INFO[0;39m [35m78[0;39m [2m---[0;39m [2m[freshExecutor-0][0;39m [36mcom.netflix.discovery.DiscoveryClient   [0;39m [2m:[0;39m Disable delta property : false
[2m2018-03-21 00:15:24.182[0;39m [32m INFO[0;39m [35m78[0;39m [2m---[0;39m [2m[freshExecutor-0][0;39m [36mcom.netflix.discovery.DiscoveryClient   [0;39m [2m:[0;39m Single vip registry refresh property : null
[2m2018-03-21 00:15:24.182[0;39m [32m INFO[0;39m [35m78[0;39m [2m---[0;39m [2m[freshExecutor-0][0;39m [36mcom.netflix.discovery.DiscoveryClient   [0;39m [2m:[0;39m Force full registry fetch : false
[2m2018-03-21 00:15:24.182[0;39m [32m INFO[0;39m [35m78[0;39m [2m---[0;39m [2m[freshExecutor-0][0;39m [36mcom.netflix.discovery.DiscoveryClient   [0;39m [2m:[0;39m Application is null : false
[2m2018-03-21 00:15:24.182[0;39m [32m INFO[0;39m [35m78[0;39m [2m---[0;39m [2m[freshExecutor-0][0;39m [36mcom.netflix.discovery.DiscoveryClient   [0;39m [2m:[0;39m Registered Applications size is zero : true
[2m2018-03-21 00:15:24.182[0;39m [32m INFO[0;39m [35m78[0;39m [2m---[0;39m [2m[freshExecutor-0][0;39m [36mcom.netflix.discovery.DiscoveryClient   [0;39m [2m:[0;39m Application version is -1: false
[2m2018-03-21 00:15:24.183[0;39m [32m INFO[0;39m [35m78[0;39m [2m---[0;39m [2m[freshExecutor-0][0;39m [36mcom.netflix.discovery.DiscoveryClient   [0;39m [2m:[0;39m Getting all instance registry info from the eureka server
[2m2018-03-21 00:15:24.311[0;39m [32m INFO[0;39m [35m78[0;39m [2m---[0;39m [2m[freshExecutor-0][0;39m [36mcom.netflix.discovery.DiscoveryClient   [0;39m [2m:[0;39m The response status is 200
